<!DOCTYPE html PUBLIC "-//W3C//DTD XHTML 1.1//EN" "https://www.w3.org/TR/xhtml11/DTD/xhtml11.dtd">
<html xmlns="https://www.w3.org/1999/xhtml">
<head>
<meta http-equiv="content-type" content="text/html; charset=UTF-8"/>
<title>TestNG Report</title>
<style type="text/css">table {margin-bottom:10px;border-collapse:collapse;empty-cells:show}th,td {border:1px solid #009;padding:.25em .5em}th {vertical-align:bottom}td {vertical-align:top}table a {font-weight:bold}.stripe td {background-color: #E6EBF9}.num {text-align:right}.passedodd td {background-color: #3F3}.passedeven td {background-color: #0A0}.skippedodd td {background-color: #DDD}.skippedeven td {background-color: #CCC}.failedodd td,.attn {background-color: #F33}.failedeven td,.stripe .attn {background-color: #D00}.stacktrace {white-space:pre;font-family:monospace}.totop {font-size:85%;text-align:center;border-bottom:2px solid #000}.invisible {display:none}</style>
</head>
<body>
<table>
<tr><th>Test</th><th># Passed</th><th># Skipped</th><th># Retried</th><th># Failed</th><th>Time (ms)</th><th>Included Groups</th><th>Excluded Groups</th></tr>
<tr><th colspan="8">Suite</th></tr>
<tr><td><a href="#t0">TestingUsingEdgeBrowser</a></td><td class="num">0</td><td class="num">0</td><td class="num">0</td><td class="num">0</td><td class="num">23,426</td><td></td><td></td></tr>
<tr class="stripe"><td><a href="#t1">TestingUsingSafariBrowser</a></td><td class="num">0</td><td class="num">0</td><td class="num">0</td><td class="num">0</td><td class="num">183,275</td><td></td><td></td></tr>
<tr><th>Total</th><th class="num">0</th><th class="num">0</th><th class="num">0</th><th class="num">0</th><th class="num">206,701</th><th colspan="2"></th></tr>
</table>
<table id='summary'><thead><tr><th>Class</th><th>Method</th><th>Start</th><th>Time (ms)</th></tr></thead><tbody><tr><th colspan="4">Suite</th></tr></tbody><tbody id="t0"><tr><th colspan="4">TestingUsingEdgeBrowser &#8212; failed (configuration methods)</th></tr><tr class="failedeven"><td rowspan="1">com.HRMS.Base.TestBase</td><td><a href="#m0">beforeTest</a></td><td rowspan="1">1679296933779</td><td rowspan="1">23119</td></tr><tr><th colspan="4">TestingUsingEdgeBrowser &#8212; skipped (configuration methods)</th></tr><tr class="skippedeven"><td rowspan="1">com.HRMS.Base.TestBase</td><td><a href="#m1">afterTest</a></td><td rowspan="1">1679296957064</td><td rowspan="1">-1679296957064</td></tr></tbody>
<tbody id="t1"><tr><th colspan="4">TestingUsingSafariBrowser &#8212; failed (configuration methods)</th></tr><tr class="failedeven"><td rowspan="1">com.HRMS.Base.TestBase</td><td><a href="#m2">beforeTest</a></td><td rowspan="1">1679296957396</td><td rowspan="1">183146</td></tr><tr><th colspan="4">TestingUsingSafariBrowser &#8212; skipped (configuration methods)</th></tr><tr class="skippedeven"><td rowspan="1">com.HRMS.Base.TestBase</td><td><a href="#m3">afterTest</a></td><td rowspan="1">1679297140663</td><td rowspan="1">-1679297140663</td></tr></tbody>
</table>
<h2>TestingUsingEdgeBrowser</h2><h3 id="m0">com.HRMS.Base.TestBase#beforeTest</h3><table class="result"><tr class="param"><th>Parameter #1</th></tr><tr class="param stripe"><td>edge</td></tr><tr><th>Exception</th></tr><tr><td><div class="stacktrace">java.lang.NullPointerException: null value in entry: url=null
	at com.google.common.collect.CollectPreconditions.checkEntryNotNull(CollectPreconditions.java:33)
	at com.google.common.collect.SingletonImmutableBiMap.&lt;init&gt;(SingletonImmutableBiMap.java:43)
	at com.google.common.collect.ImmutableBiMap.of(ImmutableBiMap.java:81)
	at com.google.common.collect.ImmutableMap.of(ImmutableMap.java:128)
	at org.openqa.selenium.remote.DriverCommand.GET(DriverCommand.java:198)
	at org.openqa.selenium.remote.RemoteWebDriver.get(RemoteWebDriver.java:310)
	at com.HRMS.Base.TestBase.beforeTest(TestBase.java:72)
... Removed 24 stack frames</div></td></tr></table><p class="totop"><a href="#summary">back to summary</a></p>
<h3 id="m1">com.HRMS.Base.TestBase#afterTest</h3><table class="result"><tr><th class="invisible"/></tr></table><p class="totop"><a href="#summary">back to summary</a></p>
<h2>TestingUsingSafariBrowser</h2><h3 id="m2">com.HRMS.Base.TestBase#beforeTest</h3><table class="result"><tr class="param"><th>Parameter #1</th></tr><tr class="param stripe"><td>safari</td></tr><tr><th>Exception</th></tr><tr><td><div class="stacktrace">org.openqa.selenium.SessionNotCreatedException: Could not start a new session. Possible causes are invalid address of the remote server or browser start-up failure.
	at org.openqa.selenium.remote.RemoteWebDriver.execute(RemoteWebDriver.java:565)
	at org.openqa.selenium.remote.RemoteWebDriver.startSession(RemoteWebDriver.java:242)
	at org.openqa.selenium.remote.RemoteWebDriver.&lt;init&gt;(RemoteWebDriver.java:157)
	at org.openqa.selenium.safari.SafariDriver.&lt;init&gt;(SafariDriver.java:79)
	at org.openqa.selenium.safari.SafariDriver.&lt;init&gt;(SafariDriver.java:58)
	at org.openqa.selenium.safari.SafariDriver.&lt;init&gt;(SafariDriver.java:49)
	at com.HRMS.Base.TestBase.beforeTest(TestBase.java:67)
Caused by: org.openqa.selenium.TimeoutException: java.util.concurrent.TimeoutException
Build info: version: &apos;4.4.0&apos;, revision: &apos;e5c75ed026a&apos;
System info: host: &apos;192-168-1-108.tpgi.com.au&apos;, ip: &apos;fe80:0:0:0:45d:77d3:eb13:49cf%en0&apos;, os.name: &apos;Mac OS X&apos;, os.arch: &apos;x86_64&apos;, os.version: &apos;12.6.3&apos;, java.version: &apos;17.0.5&apos;
Driver info: driver.version: SafariDriver
	at org.openqa.selenium.remote.http.netty.NettyHttpHandler.makeCall(NettyHttpHandler.java:65)
	at org.openqa.selenium.remote.http.AddSeleniumUserAgent.lambda$apply$0(AddSeleniumUserAgent.java:42)
	at org.openqa.selenium.remote.http.Filter.lambda$andFinally$1(Filter.java:56)
	at org.openqa.selenium.remote.http.netty.NettyHttpHandler.execute(NettyHttpHandler.java:49)
	at org.openqa.selenium.remote.http.AddSeleniumUserAgent.lambda$apply$0(AddSeleniumUserAgent.java:42)
	at org.openqa.selenium.remote.http.Filter.lambda$andFinally$1(Filter.java:56)
	at org.openqa.selenium.remote.http.netty.NettyClient.execute(NettyClient.java:98)
	at org.openqa.selenium.remote.ProtocolHandshake.createSession(ProtocolHandshake.java:120)
	at org.openqa.selenium.remote.ProtocolHandshake.createSession(ProtocolHandshake.java:102)
	at org.openqa.selenium.remote.ProtocolHandshake.createSession(ProtocolHandshake.java:67)
	at org.openqa.selenium.remote.HttpCommandExecutor.execute(HttpCommandExecutor.java:156)
	at org.openqa.selenium.remote.service.DriverCommandExecutor.invokeExecute(DriverCommandExecutor.java:167)
	at org.openqa.selenium.remote.service.DriverCommandExecutor.execute(DriverCommandExecutor.java:142)
	at org.openqa.selenium.remote.RemoteWebDriver.execute(RemoteWebDriver.java:547)
	... 30 more
Caused by: java.util.concurrent.TimeoutException
	at java.base/java.util.concurrent.CompletableFuture.timedGet(CompletableFuture.java:1960)
	at java.base/java.util.concurrent.CompletableFuture.get(CompletableFuture.java:2095)
	at org.asynchttpclient.netty.NettyResponseFuture.get(NettyResponseFuture.java:206)
	at org.openqa.selenium.remote.http.netty.NettyHttpHandler.makeCall(NettyHttpHandler.java:59)
	... 43 more
... Removed 24 stack frames</div></td></tr></table><p class="totop"><a href="#summary">back to summary</a></p>
<h3 id="m3">com.HRMS.Base.TestBase#afterTest</h3><table class="result"><tr><th class="invisible"/></tr></table><p class="totop"><a href="#summary">back to summary</a></p>
</body>
</html>
