<?xml version="1.0" encoding="UTF-8"?>
<!-- Generated by org.testng.reporters.JUnitXMLReporter -->
<testsuite ignored="12" hostname="192-168-1-108.tpgi.com.au" failures="1" tests="30" name="Test" time="109.158" errors="0" timestamp="2023-04-18T10:56:39 AEST">
  <testcase classname="com.HRMS.Scripts.LoginTest" name="verifyLoginValidUserInvalidPassword" time="0.465"/>
  <testcase classname="com.HRMS.Scripts.LoginTest" name="verifyLoginInvalidUserValidPassword" time="0.83"/>
  <testcase classname="com.HRMS.Scripts.LoginTest" name="verifyLoginInvalidUserInvalidPassword" time="0.526"/>
  <testcase classname="com.HRMS.Scripts.LoginTest" name="verifyLoginValidUserValidPassword" time="8.927"/>
  <testcase classname="com.HRMS.Scripts.StaffTest" name="verifyAddedRoleisListed" time="7.88"/>
  <testcase classname="com.HRMS.Scripts.StaffTest" name="verifyAddedRoleisDeleted" time="1.551"/>
  <testcase classname="com.HRMS.Scripts.StaffTest" name="verifyCompanySelection" time="2.432"/>
  <testcase classname="com.HRMS.Scripts.StaffTest" name="verifyCompanyStaffRecords" time="1.885"/>
  <testcase classname="com.HRMS.Scripts.StaffTest" name="verifyfilterButtonStatus" time="2.274"/>
  <testcase classname="com.HRMS.Scripts.StaffTest" name="checkActiveOptionStatus" time="1.126"/>
  <testcase classname="com.HRMS.Scripts.OrganizationTest" name="verifyAddedPersonDetails" time="4.86"/>
  <testcase classname="com.HRMS.Scripts.OrganizationTest" name="verifyOfficialDocumentsType" time="2.348"/>
  <testcase classname="com.HRMS.Scripts.OrganizationTest" name="verifyLocationDetails" time="2.559"/>
  <testcase classname="com.HRMS.Scripts.OrganizationTest" name="verifyDesignationAdded" time="3.121"/>
  <testcase classname="com.HRMS.Scripts.OrganizationTest" name="verifyAddedCompaanyPolicyTitle" time="2.647"/>
  <testcase classname="com.HRMS.Scripts.OrganizationTest" name="verifyCompanyPolicyUpdated" time="3.063"/>
  <testcase classname="com.HRMS.Scripts.TrainingTest" name="verifyTrainingButtonstatus" time="0.087"/>
  <testcase classname="com.HRMS.Scripts.TrainingTest" name="verifyTrainingTypeSelected" time="2.722"/>
  <testcase classname="com.HRMS.Scripts.TrainingTest" name="verifyTrainingTypeUpdated" time="1.675"/>
  <testcase classname="com.HRMS.Scripts.TrainingTest" name="verifyContactNumberVisibility" time="3.531"/>
  <testcase classname="com.HRMS.Scripts.ProjectManagerTest" name="verifyProjectCount" time="4.374"/>
  <testcase classname="com.HRMS.Scripts.ProjectManagerTest" name="verifyCountrySelection" time="4.104"/>
  <testcase classname="com.HRMS.Scripts.ProjectManagerTest" name="verifyTaxTypeEntered" time="2.955"/>
  <testcase classname="com.HRMS.Scripts.FinanceTest" name="verifyAddedAccountDetails" time="12.087">
    <failure type="org.openqa.selenium.NoSuchElementException" message="no such element: Unable to locate element: {&amp;quot;method&amp;quot;:&amp;quot;css selector&amp;quot;,&amp;quot;selector&amp;quot;:&amp;quot;*[name=&amp;apos;account_name&amp;apos;]&amp;quot;}
  (Session info: MicrosoftEdge=112.0.1722.48)
For documentation on this error, please visit: https://selenium.dev/exceptions/#no_such_element
Build info: version: &amp;apos;4.4.0&amp;apos;, revision: &amp;apos;e5c75ed026a&amp;apos;
System info: host: &amp;apos;192-168-1-108.tpgi.com.au&amp;apos;, ip: &amp;apos;fe80:0:0:0:ccb:4ff1:44c3:782e%en0&amp;apos;, os.name: &amp;apos;Mac OS X&amp;apos;, os.arch: &amp;apos;x86_64&amp;apos;, os.version: &amp;apos;12.6.3&amp;apos;, java.version: &amp;apos;17.0.5&amp;apos;
Driver info: org.openqa.selenium.edge.EdgeDriver
Command: [cf44580ea565ff22462573c4c106b039, findElement {using=name, value=account_name}]
Capabilities {acceptInsecureCerts: false, browserName: msedge, browserVersion: 112.0.1722.48, ms:edgeOptions: {debuggerAddress: localhost:52978}, msedge: {msedgedriverVersion: 112.0.1722.48 (d0924f8b9cb9..., userDataDir: /var/folders/7w/0ct_3kb12kn...}, networkConnectionEnabled: false, pageLoadStrategy: normal, platformName: MAC, proxy: Proxy(), se:cdp: ws://localhost:52978/devtoo..., se:cdpVersion: 112.0.1722.48, setWindowRect: true, strictFileInteractability: false, timeouts: {implicit: 0, pageLoad: 300000, script: 30000}, unhandledPromptBehavior: dismiss and notify, webauthn:extension:credBlob: true, webauthn:extension:largeBlob: true, webauthn:extension:minPinLength: true, webauthn:extension:prf: true, webauthn:virtualAuthenticators: true}
Session ID: cf44580ea565ff22462573c4c106b039">
      <![CDATA[org.openqa.selenium.NoSuchElementException: no such element: Unable to locate element: {"method":"css selector","selector":"*[name='account_name']"}
  (Session info: MicrosoftEdge=112.0.1722.48)
For documentation on this error, please visit: https://selenium.dev/exceptions/#no_such_element
Build info: version: '4.4.0', revision: 'e5c75ed026a'
System info: host: '192-168-1-108.tpgi.com.au', ip: 'fe80:0:0:0:ccb:4ff1:44c3:782e%en0', os.name: 'Mac OS X', os.arch: 'x86_64', os.version: '12.6.3', java.version: '17.0.5'
Driver info: org.openqa.selenium.edge.EdgeDriver
Command: [cf44580ea565ff22462573c4c106b039, findElement {using=name, value=account_name}]
Capabilities {acceptInsecureCerts: false, browserName: msedge, browserVersion: 112.0.1722.48, ms:edgeOptions: {debuggerAddress: localhost:52978}, msedge: {msedgedriverVersion: 112.0.1722.48 (d0924f8b9cb9..., userDataDir: /var/folders/7w/0ct_3kb12kn...}, networkConnectionEnabled: false, pageLoadStrategy: normal, platformName: MAC, proxy: Proxy(), se:cdp: ws://localhost:52978/devtoo..., se:cdpVersion: 112.0.1722.48, setWindowRect: true, strictFileInteractability: false, timeouts: {implicit: 0, pageLoad: 300000, script: 30000}, unhandledPromptBehavior: dismiss and notify, webauthn:extension:credBlob: true, webauthn:extension:largeBlob: true, webauthn:extension:minPinLength: true, webauthn:extension:prf: true, webauthn:virtualAuthenticators: true}
Session ID: cf44580ea565ff22462573c4c106b039
at org.openqa.selenium.remote.codec.w3c.W3CHttpResponseCodec.createException(W3CHttpResponseCodec.java:200)
at org.openqa.selenium.remote.codec.w3c.W3CHttpResponseCodec.decode(W3CHttpResponseCodec.java:133)
at org.openqa.selenium.remote.codec.w3c.W3CHttpResponseCodec.decode(W3CHttpResponseCodec.java:53)
at org.openqa.selenium.remote.HttpCommandExecutor.execute(HttpCommandExecutor.java:184)
at org.openqa.selenium.remote.service.DriverCommandExecutor.invokeExecute(DriverCommandExecutor.java:167)
at org.openqa.selenium.remote.service.DriverCommandExecutor.execute(DriverCommandExecutor.java:142)
at org.openqa.selenium.remote.RemoteWebDriver.execute(RemoteWebDriver.java:547)
at org.openqa.selenium.remote.ElementLocation$ElementFinder$2.findElement(ElementLocation.java:162)
at org.openqa.selenium.remote.ElementLocation.findElement(ElementLocation.java:60)
at org.openqa.selenium.remote.RemoteWebDriver.findElement(RemoteWebDriver.java:365)
at org.openqa.selenium.remote.RemoteWebDriver.findElement(RemoteWebDriver.java:357)
at org.openqa.selenium.support.pagefactory.DefaultElementLocator.findElement(DefaultElementLocator.java:70)
at org.openqa.selenium.support.pagefactory.internal.LocatingElementHandler.invoke(LocatingElementHandler.java:39)
at jdk.proxy2/jdk.proxy2.$Proxy19.sendKeys(Unknown Source)
at com.HRMS.Pages.FinancePage.addAccountDetails(FinancePage.java:69)
at com.HRMS.Scripts.FinanceTest.verifyAddedAccountDetails(FinanceTest.java:27)
at java.base/java.util.ArrayList.forEach(ArrayList.java:1511)
... Removed 32 stack frames]]>
    </failure>
  </testcase> <!-- verifyAddedAccountDetails -->
  <testcase classname="com.HRMS.Scripts.FinanceTest" name="verifyFixedAccountBalance" time="0.211"/>
  <testcase classname="com.HRMS.Scripts.FinanceTest" name="verifyAddedPayeeDetails" time="2.639"/>
  <testcase classname="com.HRMS.Scripts.FinanceTest" name="verifyPayerDetails" time="3.563"/>
  <testcase classname="com.HRMS.Scripts.HRReportsPageTest" name="verifyProjectReportStatusisListed" time="1.881"/>
  <testcase classname="com.HRMS.Scripts.HRReportsPageTest" name="verifyUserReportDetails" time="1.616"/>
  <testcase classname="com.HRMS.Scripts.HRReportsPageTest" name="verifyEmployeeIDisListed" time="1.737"/>
  <testcase classname="com.HRMS.Base.TestBase" name="@BeforeTest setUp" time="0.0">
    <ignored/>
  </testcase> <!-- @BeforeTest setUp -->
  <testcase classname="com.HRMS.Base.TestBase" name="@BeforeTest setUp" time="0.0">
    <ignored/>
  </testcase> <!-- @BeforeTest setUp -->
  <testcase classname="com.HRMS.Base.TestBase" name="@BeforeTest setUp" time="0.0">
    <ignored/>
  </testcase> <!-- @BeforeTest setUp -->
  <testcase classname="com.HRMS.Base.TestBase" name="@BeforeTest setUp" time="0.0">
    <ignored/>
  </testcase> <!-- @BeforeTest setUp -->
  <testcase classname="com.HRMS.Base.TestBase" name="@BeforeTest setUp" time="0.0">
    <ignored/>
  </testcase> <!-- @BeforeTest setUp -->
  <testcase classname="com.HRMS.Base.TestBase" name="@BeforeTest setUp" time="0.0">
    <ignored/>
  </testcase> <!-- @BeforeTest setUp -->
  <testcase classname="com.HRMS.Base.TestBase" name="@AfterTest tearDown" time="0.0">
    <ignored/>
  </testcase> <!-- @AfterTest tearDown -->
  <testcase classname="com.HRMS.Base.TestBase" name="@AfterTest tearDown" time="0.0">
    <ignored/>
  </testcase> <!-- @AfterTest tearDown -->
  <testcase classname="com.HRMS.Base.TestBase" name="@AfterTest tearDown" time="0.0">
    <ignored/>
  </testcase> <!-- @AfterTest tearDown -->
  <testcase classname="com.HRMS.Base.TestBase" name="@AfterTest tearDown" time="0.0">
    <ignored/>
  </testcase> <!-- @AfterTest tearDown -->
  <testcase classname="com.HRMS.Base.TestBase" name="@AfterTest tearDown" time="0.0">
    <ignored/>
  </testcase> <!-- @AfterTest tearDown -->
  <testcase classname="com.HRMS.Base.TestBase" name="@AfterTest tearDown" time="0.0">
    <ignored/>
  </testcase> <!-- @AfterTest tearDown -->
</testsuite> <!-- Test -->
